 - 1.0I_{abji}
 + 1.0\sum_{k}f_{ki}t_{abjk}
 - 1.0\sum_{k}f_{kj}t_{abik}
 - 1.0\sum_{c}f_{ac}t_{bcij}
 + 1.0\sum_{c}f_{bc}t_{acij}
 - 1.0\sum_{k}I_{kaji}t_{bk}
 + 1.0\sum_{k}I_{kbji}t_{ak}
 + 1.0\sum_{c}I_{abic}t_{cj}
 - 1.0\sum_{c}I_{abjc}t_{ci}
 - 0.5\sum_{kl}I_{klji}t_{abkl}
 - 1.0\sum_{kc}I_{kaic}t_{bcjk}
 + 1.0\sum_{kc}I_{kbic}t_{acjk}
 + 1.0\sum_{kc}I_{kajc}t_{bcik}
 - 1.0\sum_{kc}I_{kbjc}t_{acik}
 - 0.5\sum_{cd}I_{abcd}t_{dcij}
 + 1.0\sum_{kc}f_{kc}t_{ci}t_{abjk}
 + 1.0\sum_{kc}f_{kc}t_{ak}t_{bcij}
 - 1.0\sum_{kc}f_{kc}t_{cj}t_{abik}
 - 1.0\sum_{kc}f_{kc}t_{bk}t_{acij}
 - 1.0\sum_{kl}I_{klji}t_{ak}t_{bl}
 + 1.0\sum_{kc}I_{kaic}t_{cj}t_{bk}
 - 1.0\sum_{kc}I_{kbic}t_{ak}t_{cj}
 - 1.0\sum_{kc}I_{kajc}t_{ci}t_{bk}
 + 1.0\sum_{kc}I_{kbjc}t_{ci}t_{ak}
 - 1.0\sum_{cd}I_{abcd}t_{di}t_{cj}
 - 1.0\sum_{klc}I_{klic}t_{ak}t_{bcjl}
 + 0.5\sum_{klc}I_{klic}t_{cj}t_{abkl}
 + 1.0\sum_{klc}I_{klic}t_{bk}t_{acjl}
 - 1.0\sum_{klc}I_{klic}t_{ck}t_{abjl}
 - 0.5\sum_{klc}I_{kljc}t_{ci}t_{abkl}
 + 1.0\sum_{klc}I_{kljc}t_{ak}t_{bcil}
 - 1.0\sum_{klc}I_{kljc}t_{bk}t_{acil}
 + 1.0\sum_{klc}I_{kljc}t_{ck}t_{abil}
 + 1.0\sum_{kcd}I_{kacd}t_{di}t_{bcjk}
 - 1.0\sum_{kcd}I_{kbcd}t_{di}t_{acjk}
 - 1.0\sum_{kcd}I_{kacd}t_{dj}t_{bcik}
 - 0.5\sum_{kcd}I_{kacd}t_{bk}t_{dcij}
 + 1.0\sum_{kcd}I_{kacd}t_{dk}t_{bcij}
 + 0.5\sum_{kcd}I_{kbcd}t_{ak}t_{dcij}
 + 1.0\sum_{kcd}I_{kbcd}t_{dj}t_{acik}
 - 1.0\sum_{kcd}I_{kbcd}t_{dk}t_{acij}
 + 0.5\sum_{klcd}I_{klcd}t_{adij}t_{bckl}
 + 0.5\sum_{klcd}I_{klcd}t_{abik}t_{dcjl}
 - 1.0\sum_{klcd}I_{klcd}t_{adik}t_{bcjl}
 - 0.5\sum_{klcd}I_{klcd}t_{bdij}t_{ackl}
 - 0.25\sum_{klcd}I_{klcd}t_{dcij}t_{abkl}
 + 1.0\sum_{klcd}I_{klcd}t_{bdik}t_{acjl}
 + 0.5\sum_{klcd}I_{klcd}t_{dcik}t_{abjl}
 + 1.0\sum_{klc}I_{klic}t_{ak}t_{cj}t_{bl}
 - 1.0\sum_{klc}I_{kljc}t_{ci}t_{ak}t_{bl}
 - 1.0\sum_{kcd}I_{kacd}t_{di}t_{cj}t_{bk}
 + 1.0\sum_{kcd}I_{kbcd}t_{di}t_{ak}t_{cj}
 + 1.0\sum_{klcd}I_{klcd}t_{di}t_{ak}t_{bcjl}
 - 0.5\sum_{klcd}I_{klcd}t_{di}t_{cj}t_{abkl}
 - 1.0\sum_{klcd}I_{klcd}t_{di}t_{bk}t_{acjl}
 + 1.0\sum_{klcd}I_{klcd}t_{di}t_{ck}t_{abjl}
 - 1.0\sum_{klcd}I_{klcd}t_{ak}t_{dj}t_{bcil}
 - 0.5\sum_{klcd}I_{klcd}t_{ak}t_{bl}t_{dcij}
 + 1.0\sum_{klcd}I_{klcd}t_{ak}t_{dl}t_{bcij}
 + 1.0\sum_{klcd}I_{klcd}t_{dj}t_{bk}t_{acil}
 - 1.0\sum_{klcd}I_{klcd}t_{dj}t_{ck}t_{abil}
 - 1.0\sum_{klcd}I_{klcd}t_{bk}t_{dl}t_{acij}
 - 1.0\sum_{klcd}I_{klcd}t_{di}t_{ak}t_{cj}t_{bl}
