 + 1.0f_{ia}
 - 1.0\sum_{jb}t_{bj}I_{jiab}

 - 1.0\sum_{j}f_{ij}L_{ja}
 + 1.0\sum_{b}f_{ba}L_{ib}
 - 1.0\sum_{bj}I_{ibja}L_{jb}
 + 0.5\sum_{kbj}I_{ibjk}L_{kjab}
 - 0.5\sum_{cjb}I_{bcja}L_{jicb}
 - 1.0\sum_{bj}f_{ja}t_{bj}L_{ib}
 - 1.0\sum_{jb}f_{ib}t_{bj}L_{ja}
 + 1.0\sum_{kjb}I_{jikb}t_{bj}L_{ka}
 - 1.0\sum_{bkj}I_{jika}t_{bj}L_{kb}
 - 1.0\sum_{bjc}I_{jbac}t_{cj}L_{ib}
 + 1.0\sum_{bjc}I_{ibac}t_{cj}L_{jb}
 - 0.5\sum_{ckbj}f_{ja}t_{bcjk}L_{kicb}
 - 0.5\sum_{kcjb}f_{ib}t_{cbjk}L_{kjac}
 + 0.5\sum_{cjkb}I_{jkab}t_{cbkj}L_{ic}
 + 0.5\sum_{kjbc}I_{jibc}t_{cbjk}L_{ka}
 + 1.0\sum_{ckjb}I_{jiab}t_{cbjk}L_{kc}
 - 1.0\sum_{ckbj}I_{jbka}t_{cj}L_{kicb}
 - 1.0\sum_{jbkc}I_{ibjc}t_{ck}L_{jkab}
 + 0.5\sum_{lbkj}I_{jikl}t_{bj}L_{lkab}
 + 0.5\sum_{cjbd}I_{bcad}t_{dj}L_{jicb}
 + 0.25\sum_{clbjk}I_{jkla}t_{bckj}L_{licb}
 - 1.0\sum_{kcljb}I_{jikb}t_{cbjl}L_{klac}
 + 0.5\sum_{ckblj}I_{jika}t_{bcjl}L_{klcb}
 + 1.0\sum_{dkbjc}I_{jbac}t_{dcjk}L_{kidb}
 - 0.25\sum_{kbjcd}I_{ibcd}t_{dcjk}L_{kjab}
 - 0.5\sum_{dkbjc}I_{ibac}t_{dcjk}L_{kjdb}
 - 1.0\sum_{cjkb}I_{jkab}t_{cj}t_{bk}L_{ic}
 - 1.0\sum_{kjbc}I_{jibc}t_{ck}t_{bj}L_{ka}
 + 1.0\sum_{ckjb}I_{jiab}t_{bk}t_{cj}L_{kc}
 - 0.5\sum_{clbjk}I_{jkla}t_{bj}t_{ck}L_{licb}
 - 1.0\sum_{kcljb}I_{jikb}t_{bl}t_{cj}L_{klac}
 + 1.0\sum_{dkbjc}I_{jbac}t_{ck}t_{dj}L_{kidb}
 + 0.5\sum_{jbkcd}I_{ibcd}t_{dj}t_{ck}L_{jkab}
 + 1.0\sum_{dlcjkb}I_{jkab}t_{cj}t_{dbkl}L_{lidc}
 - 0.25\sum_{dlcjkb}I_{jkab}t_{bl}t_{cdkj}L_{lidc}
 + 0.5\sum_{dlcjkb}I_{jkab}t_{bj}t_{cdkl}L_{lidc}
 - 0.25\sum_{ldkjbc}I_{jibc}t_{dj}t_{cbkl}L_{lkad}
 + 1.0\sum_{kdljbc}I_{jibc}t_{ck}t_{dbjl}L_{klad}
 + 0.5\sum_{ldkjbc}I_{jibc}t_{cj}t_{dbkl}L_{lkad}
 - 0.5\sum_{dlckjb}I_{jiab}t_{cj}t_{dbkl}L_{lkdc}
 - 0.5\sum_{dkcljb}I_{jiab}t_{bk}t_{cdjl}L_{kldc}
 + 0.5\sum_{dlcjkb}I_{jkab}t_{bl}t_{cj}t_{dk}L_{lidc}
 + 0.5\sum_{kdljbc}I_{jibc}t_{ck}t_{bl}t_{dj}L_{klad}
