 + 1.0f_{ai}
 + 1.0\sum_{I}G_{I}u_{Iai}
 - 1.0\sum_{j}f_{ji}t_{aj}
 + 1.0\sum_{b}f_{ab}t_{bi}
 + 1.0\sum_{I}g_{Iai}s_{I}
 - 1.0\sum_{jb}f_{jb}t_{abji}
 - 1.0\sum_{Ij}g_{Iji}u_{Iaj}
 + 1.0\sum_{Ib}g_{Iab}u_{Ibi}
 - 1.0\sum_{jb}I_{jaib}t_{bj}
 + 0.5\sum_{jkb}I_{jkib}t_{abkj}
 - 0.5\sum_{jbc}I_{jabc}t_{cbji}
 - 1.0\sum_{jb}f_{jb}t_{bi}t_{aj}
 - 1.0\sum_{Ij}g_{Iji}t_{aj}s_{I}
 + 1.0\sum_{Ib}g_{Iab}t_{bi}s_{I}
 - 1.0\sum_{Ijb}g_{Ijb}t_{aj}u_{Ibi}
 - 1.0\sum_{Ijb}g_{Ijb}t_{bi}u_{Iaj}
 + 1.0\sum_{Ijb}g_{Ijb}t_{bj}u_{Iai}
 - 1.0\sum_{Ijb}g_{Ijb}t_{abji}s_{I}
 - 1.0\sum_{jkb}I_{jkib}t_{aj}t_{bk}
 + 1.0\sum_{jbc}I_{jabc}t_{ci}t_{bj}
 - 0.5\sum_{jkbc}I_{jkbc}t_{aj}t_{cbki}
 - 0.5\sum_{jkbc}I_{jkbc}t_{ci}t_{abkj}
 + 1.0\sum_{jkbc}I_{jkbc}t_{cj}t_{abki}
 + 1.0\sum_{jkbc}I_{jkbc}t_{ci}t_{aj}t_{bk}
